gpasm-1.6.1 (Jan 23 2014)    key&led.asm        2015-1-4  10:08:40           PAGE  1


LOC  OBJECT CODE     LINE SOURCE TEXT
  VALUE

                      00001 ;====P00为OUT,P10为IN===
                      00002 #include <mc30p011.inc>
                      00001         LIST
                      00002 ;MC30P01A.INC  Standard Header File, Version 1.00 by Sinomcu
                      00190         LIST
                      00003 #define         led             P0,0
                      00004 #define         key             P1,0
                      00005 
                      00006  org    0x03ff
03FF   2800           00007  goto   start   
                      00008  org    0x00
0000   2800           00009  goto   start
                      00010 
0001                  00011 start:
0001   1D85           00012         clrr    P0
0002   1D86           00013     clrr        P1                      ;清P0和P1口
0003   0B00           00014         movai           0x00                    
0004   15C5           00015     movra       DDR0            ;设置P0口的端口方向
0005   0B01           00016     movai       0x01
0006   15C6           00017     movra       DDR1            ;设置P1口的端口方向
0007   0BFE           00018     movai       0xfe
0008   158D           00019     movra       PUCON           ;设置上拉电阻
0009                  00020 check:
0009   3406           00021     jbclr       key                     ;这里只是简单的判断按键有没有按下，未进行消抖
000A   2800           00022     goto        close
000B   2800           00023     goto        open
000C                  00024 close:    
000C   3C05           00025     bclr        led
000D   2800           00026     goto        check
000E                  00027 open:
000E   3805           00028         bset    led
000F   2800           00029         goto    check
                      00030         end
gpasm-1.6.1 (Jan 23 2014)    key&led.asm        2015-1-4  10:08:40           PAGE  2


SYMBOL TABLE
  LABEL                             VALUE

DDR0                              00000045
DDR1                              00000046
FSR                               00000004
GPR                               00000007
INDF                              00000000
INTECON                           0000000E
INTEFLAG                          0000000F
KBIM                              00000009
MCR                               00000008
ODCON                             0000000C
P0                                00000005
P1                                00000006
P5IOC                             00000045
P6IOC                             00000046
PCL                               00000002
PCLATH                            0000000A
PDCON                             0000000B
PR0                               00000000
PR1                               00000001
PR2                               00000002
PTA                               00000003
PUCON                             0000000D
STATUS                            00000003
T0CNT                             00000001
T0CR                              00000041
T0CS                              00000005
T0SE                              00000004
T1CNT                             0000004D
T1CR                              0000004C
T1DATA                            0000004F
T1LOAD                            0000004E
TMCR                              0000004B
_BOR_15                           00003FF8
_BOR_18                           00003FF9
_BOR_20                           00003FFA
_BOR_22                           00003FFB
_BOR_24                           00003FFC
_BOR_26                           00003FFD
_BOR_36                           00003FFF
_CONFIG1                          00002000
_CONFIG2                          00002001
_CP_OFF                           00003FFF
_CP_ON                            00001FFF
_FCPU_2T                          00003F7F
_FCPU_4T                          00003FFF
_FOSC_1M                          00003FCF
_FOSC_2M                          00003FDF
_FOSC_32K                         00003F9F
_FOSC_455K                        00003FAF
_FOSC_4M                          00003FEF
_FOSC_500K                        00003FBF
_FOSC_62P5K                       00003F8F
_FOSC_8M                          00003FFF
_MCLR_OFF                         00003FF7
_MCLR_ON                          00003FFF
_MCU_EMC                          00003BFF
_MCU_FEL                          00003FFF
_OSCM_HS                          00003FFF
_OSCM_IRC                         000037FF
_OSCM_LP                          00003FFF
_RDPORT_PIN                       00003FFF
_RDPORT_REG                       00003EFF
_ROTP_100N                        00001FFF
_ROTP_200N                        00002FFF
_ROTP_300N                        00000FFF
_ROTP_HALFCPU                     00003FFF
_SMT_OFF                          00003DFF
_SMT_ON                           00003EFF
_TWDT_18_18                       00003FFF
_TWDT_288_288                     00003DFF
_TWDT_4P5_4P5                     00003EFF
_TWDT_72_72                       00003CFF
_TWDT_P140_18                     00003BFF
_TWDT_P140_288                    000039FF
_TWDT_P140_4P5                    00003AFF
_TWDT_P140_72                     000038FF
_WDT_OFF                          000037FF
_WDT_ON                           00003FFF
__30P011                          00000001
check                             00000009
close                             0000000C
open                              0000000E
start                             00000001
BUZOUT                            T1CR,5
C                                 STATUS,0
DC                                STATUS,1
EIS                               MCR,6
GIE                               INTECON,7
GPR0                              STATUS,5
GPR1                              STATUS,6
INT0IE                            INTECON,2
INT0IF                            INTF,2
INT0M                             T0CR,6
INTE                              INTECON
INTF                              INTEFLAG
KBIE                              INTECON,1
KBIF                              INTF,1
PD                                STATUS,3
PWMOUT                            T1CR,6
RST                               STATUS,7
T0IE                              INTECON,0
T0IF                              INTF,0
T1IE                              TMCR,1
T1IF                              TMCR,0
TBS                               TMCR,7
TMR1EN                            T1CR,7
TO                                STATUS,4
WDTEN                             MCR,7
Z                                 STATUS,2
key                               P1,0
led                               P0,0

Errors   :     0
Warnings :     0 reported,     0 suppressed
Messages :     0 reported,     0 suppressed

