gpasm-1.6.1 (Jan 23 2014)    pwm.asm            2015-3-6  10:11:50           PAGE  1


LOC  OBJECT CODE     LINE SOURCE TEXT
  VALUE

                      00001 ;4M,4T
                      00002 #include <mc30p011.inc>
                      00001         LIST
                      00002 ;MC30P01A.INC  Standard Header File, Version 1.00 by Sinomcu
                      00190         LIST
                      00003 
                      00004  org            0x3ff
03FF   2800           00005  goto           start        
                      00006  org            00h
0000   2800           00007  goto           start 
                      00008 
0001                  00009 start:
0001   0B00           00010  movai          0x00
0002   15C6           00011  movra          DDR1;P12一定要设置为输出
0003   0BC0           00012  movai          0xC0;110 00 000,开T1和PWM，Fcpu，1分频
0004   15CC           00013  movra          T1CR
                      00014  
0005   0BC7           00015  movai          199;199+1
0006   15CE           00016  movra          T1LOAD
0007   0B64           00017  movai          100
0008   15CF           00018  movra          T1DATA
                      00019  
0009   2800           00020  goto           $
                      00021  en
gpasm-1.6.1 (Jan 23 2014)    pwm.asm            2015-3-6  10:11:50           PAGE  2


SYMBOL TABLE
  LABEL                             VALUE

DDR0                              00000045
DDR1                              00000046
FSR                               00000004
GPR                               00000007
INDF                              00000000
INTECON                           0000000E
INTEFLAG                          0000000F
KBIM                              00000009
MCR                               00000008
ODCON                             0000000C
P0                                00000005
P1                                00000006
P5IOC                             00000045
P6IOC                             00000046
PCL                               00000002
PCLATH                            0000000A
PDCON                             0000000B
PR0                               00000000
PR1                               00000001
PR2                               00000002
PTA                               00000003
PUCON                             0000000D
STATUS                            00000003
T0CNT                             00000001
T0CR                              00000041
T0CS                              00000005
T0SE                              00000004
T1CNT                             0000004D
T1CR                              0000004C
T1DATA                            0000004F
T1LOAD                            0000004E
TMCR                              0000004B
_.org_0_0009                      00000009
_BOR_15                           00003FF8
_BOR_18                           00003FF9
_BOR_20                           00003FFA
_BOR_22                           00003FFB
_BOR_24                           00003FFC
_BOR_26                           00003FFD
_BOR_36                           00003FFF
_CONFIG1                          00002000
_CONFIG2                          00002001
_CP_OFF                           00003FFF
_CP_ON                            00001FFF
_FCPU_2T                          00003F7F
_FCPU_4T                          00003FFF
_FOSC_1M                          00003FCF
_FOSC_2M                          00003FDF
_FOSC_32K                         00003F9F
_FOSC_455K                        00003FAF
_FOSC_4M                          00003FEF
_FOSC_500K                        00003FBF
_FOSC_62P5K                       00003F8F
_FOSC_8M                          00003FFF
_MCLR_OFF                         00003FF7
_MCLR_ON                          00003FFF
_MCU_EMC                          00003BFF
_MCU_FEL                          00003FFF
_OSCM_HS                          00003FFF
_OSCM_IRC                         000037FF
_OSCM_LP                          00003FFF
_RDPORT_PIN                       00003FFF
_RDPORT_REG                       00003EFF
_ROTP_100N                        00001FFF
_ROTP_200N                        00002FFF
_ROTP_300N                        00000FFF
_ROTP_HALFCPU                     00003FFF
_SMT_OFF                          00003DFF
_SMT_ON                           00003EFF
_TWDT_18_18                       00003FFF
_TWDT_288_288                     00003DFF
_TWDT_4P5_4P5                     00003EFF
_TWDT_72_72                       00003CFF
_TWDT_P140_18                     00003BFF
_TWDT_P140_288                    000039FF
_TWDT_P140_4P5                    00003AFF
_TWDT_P140_72                     000038FF
_WDT_OFF                          000037FF
_WDT_ON                           00003FFF
__30P011                          00000001
start                             00000001
BUZOUT                            T1CR,5
C                                 STATUS,0
DC                                STATUS,1
EIS                               MCR,6
GIE                               INTECON,7
GPR0                              STATUS,5
GPR1                              STATUS,6
INT0IE                            INTECON,2
INT0IF                            INTF,2
INT0M                             T0CR,6
INTE                              INTECON
INTF                              INTEFLAG
KBIE                              INTECON,1
KBIF                              INTF,1
PD                                STATUS,3
PWMOUT                            T1CR,6
RST                               STATUS,7
T0IE                              INTECON,0
T0IF                              INTF,0
T1IE                              TMCR,1
T1IF                              TMCR,0
TBS                               TMCR,7
TMR1EN                            T1CR,7
TO                                STATUS,4
WDTEN                             MCR,7
Z                                 STATUS,2

Errors   :     0
Warnings :     0 reported,     0 suppressed
Messages :     0 reported,     0 suppressed

